<?xml version="1.0" encoding="UTF-8"?>
<!-- Generated by org.testng.reporters.JUnitReportReporter -->
<testsuite hostname="mountblue-dev" name="com.properties.App.DataControllerTestCases" tests="9" failures="0" timestamp="19 Jul 2018 17:11:16 GMT" time="1.932" errors="0">
  <testcase name="getAllRecords" time="1.600" classname="com.properties.App.DataControllerTestCases"/>
  <testcase name="getByRuleType" time="0.019" classname="com.properties.App.DataControllerTestCases"/>
  <testcase name="getByBotIdRuleCodeChannelCode" time="0.030" classname="com.properties.App.DataControllerTestCases"/>
  <testcase name="getByBotDomainIntId" time="0.046" classname="com.properties.App.DataControllerTestCases"/>
  <testcase name="getByBotIdRuleCode" time="0.073" classname="com.properties.App.DataControllerTestCases"/>
  <testcase name="getByChannelName" time="0.023" classname="com.properties.App.DataControllerTestCases"/>
  <testcase name="getByBotIntId" time="0.031" classname="com.properties.App.DataControllerTestCases"/>
  <testcase name="getByRuleCode" time="0.031" classname="com.properties.App.DataControllerTestCases"/>
  <testcase name="getByBotIdRuleCodChannelCode" time="0.079" classname="com.properties.App.DataControllerTestCases"/>
</testsuite> <!-- com.properties.App.DataControllerTestCases -->
