<?xml version="1.0" encoding="UTF-8"?>
<!-- Generated by org.testng.reporters.JUnitReportReporter -->
<testsuite skipped="0" hostname="mountblue-dev" name="com.properties.App.ApiHittingAndAvailabilityTestCases" tests="8" failures="0" timestamp="21 Jul 2018 04:46:22 GMT" time="1.960" errors="0">
  <testcase name="getByRuleCode" time="0.025" classname="com.properties.App.ApiHittingAndAvailabilityTestCases"/>
  <testcase name="getByBotIdRuleCode" time="0.069" classname="com.properties.App.ApiHittingAndAvailabilityTestCases"/>
  <testcase name="getByBotIntId" time="0.033" classname="com.properties.App.ApiHittingAndAvailabilityTestCases"/>
  <testcase name="getByBotIdRuleCodeChannelCode" time="0.043" classname="com.properties.App.ApiHittingAndAvailabilityTestCases"/>
  <testcase name="getByRuleType" time="0.034" classname="com.properties.App.ApiHittingAndAvailabilityTestCases"/>
  <testcase name="getAllRecords" time="1.679" classname="com.properties.App.ApiHittingAndAvailabilityTestCases"/>
  <testcase name="getByBotDomainIntId" time="0.048" classname="com.properties.App.ApiHittingAndAvailabilityTestCases"/>
  <testcase name="getByChannelName" time="0.029" classname="com.properties.App.ApiHittingAndAvailabilityTestCases"/>
</testsuite> <!-- com.properties.App.ApiHittingAndAvailabilityTestCases -->
